
  .   ____          _            __ _ _
 /\\ / ___'_ __ _ _(_)_ __  __ _ \ \ \ \
( ( )\___ | '_ | '_| | '_ \/ _` | \ \ \ \
 \\/  ___)| |_)| | | | | || (_| |  ) ) ) )
  '  |____| .__|_| |_|_| |_\__, | / / / /
 =========|_|==============|___/=/_/_/_/

 :: Spring Boot ::                (v4.0.5)

2026-04-09T17:19:01.275+09:00  INFO 9312 --- [demo] [           main] com.example.demo.DemoApplication         : Starting DemoApplication v0.0.1-SNAPSHOT using Java 17.0.10 with PID 9312 (C:\Users\playdata\Desktop\projtest\demo\build\libs\demo-0.0.1-SNAPSHOT.jar started by playdata in C:\Users\playdata\Desktop\projtest\demo)
2026-04-09T17:19:01.283+09:00  INFO 9312 --- [demo] [           main] com.example.demo.DemoApplication         : No active profile set, falling back to 1 default profile: "default"
2026-04-09T17:19:02.179+09:00  INFO 9312 --- [demo] [           main] .s.d.r.c.RepositoryConfigurationDelegate : Bootstrapping Spring Data JPA repositories in DEFAULT mode.
2026-04-09T17:19:02.265+09:00  INFO 9312 --- [demo] [           main] .s.d.r.c.RepositoryConfigurationDelegate : Finished Spring Data repository scanning in 66 ms. Found 1 JPA repository interface.
2026-04-09T17:19:03.145+09:00  INFO 9312 --- [demo] [           main] o.s.boot.tomcat.TomcatWebServer          : Tomcat initialized with port 8080 (http)
2026-04-09T17:19:03.179+09:00  INFO 9312 --- [demo] [           main] o.apache.catalina.core.StandardService   : Starting service [Tomcat]
2026-04-09T17:19:03.180+09:00  INFO 9312 --- [demo] [           main] o.apache.catalina.core.StandardEngine    : Starting Servlet engine: [Apache Tomcat/11.0.20]
2026-04-09T17:19:03.235+09:00  INFO 9312 --- [demo] [           main] b.w.c.s.WebApplicationContextInitializer : Root WebApplicationContext: initialization completed in 1860 ms
2026-04-09T17:19:03.691+09:00  INFO 9312 --- [demo] [           main] org.hibernate.orm.jpa                    : HHH008540: Processing PersistenceUnitInfo [name: default]
2026-04-09T17:19:04.505+09:00  INFO 9312 --- [demo] [           main] org.hibernate.orm.core                   : HHH000001: Hibernate ORM core version 7.2.7.Final
2026-04-09T17:19:06.302+09:00  INFO 9312 --- [demo] [           main] o.s.o.j.p.SpringPersistenceUnitInfo      : No LoadTimeWeaver setup: ignoring JPA class transformer
2026-04-09T17:19:06.413+09:00  INFO 9312 --- [demo] [           main] com.zaxxer.hikari.HikariDataSource       : HikariPool-1 - Starting...
2026-04-09T17:19:06.654+09:00  INFO 9312 --- [demo] [           main] com.zaxxer.hikari.pool.HikariPool        : HikariPool-1 - Added connection org.mariadb.jdbc.Connection@4e8afdad
2026-04-09T17:19:06.661+09:00  INFO 9312 --- [demo] [           main] com.zaxxer.hikari.HikariDataSource       : HikariPool-1 - Start completed.
2026-04-09T17:19:06.771+09:00  WARN 9312 --- [demo] [           main] org.hibernate.orm.deprecation            : HHH90000025: MariaDBDialect does not need to be specified explicitly using 'hibernate.dialect' (remove the property setting and it will be selected by default)
2026-04-09T17:19:06.807+09:00  INFO 9312 --- [demo] [           main] org.hibernate.orm.connections.pooling    : HHH10001005: Database info:
	Database JDBC URL [jdbc:mariadb://192.100.200.23/fileinnout?user=innoutfile&password=***]
	Database driver: MariaDB Connector/J
	Database dialect: MariaDBDialect
	Database version: 11.8.6
	Default catalog/schema: fileinnout/undefined
	Autocommit mode: undefined/unknown
	Isolation level: REPEATABLE_READ [default REPEATABLE_READ]
	JDBC fetch size: none
	Pool: DataSourceConnectionProvider
	Minimum pool size: undefined/unknown
	Maximum pool size: undefined/unknown
2026-04-09T17:19:10.900+09:00  INFO 9312 --- [demo] [           main] org.hibernate.orm.core                   : HHH000489: No JTA platform available (set 'hibernate.transaction.jta.platform' to enable JTA platform integration)
2026-04-09T17:19:11.077+09:00  INFO 9312 --- [demo] [           main] j.LocalContainerEntityManagerFactoryBean : Initialized JPA EntityManagerFactory for persistence unit 'default'
2026-04-09T17:19:11.370+09:00  INFO 9312 --- [demo] [           main] o.s.d.j.r.query.QueryEnhancerFactories   : Hibernate is in classpath; If applicable, HQL parser will be used.
2026-04-09T17:19:12.973+09:00  INFO 9312 --- [demo] [           main] o.s.boot.tomcat.TomcatWebServer          : Tomcat started on port 8080 (http) with context path '/'
2026-04-09T17:19:12.998+09:00  INFO 9312 --- [demo] [           main] com.example.demo.DemoApplication         : Started DemoApplication in 12.573 seconds (process running for 13.472)
2026-04-09T17:19:20.034+09:00  INFO 9312 --- [demo] [nio-8080-exec-1] o.a.c.c.C.[Tomcat].[localhost].[/]       : Initializing Spring DispatcherServlet 'dispatcherServlet'
2026-04-09T17:19:20.034+09:00  INFO 9312 --- [demo] [nio-8080-exec-1] o.s.web.servlet.DispatcherServlet        : Initializing Servlet 'dispatcherServlet'
2026-04-09T17:19:20.037+09:00  INFO 9312 --- [demo] [nio-8080-exec-1] o.s.web.servlet.DispatcherServlet        : Completed initialization in 2 ms
